0 info it worked if it ends with ok
1 verbose cli [ '/usr/local/bin/node', '/usr/local/bin/npm', 'run', 'build' ]
2 info using npm@3.8.3
3 info using node@v5.10.1
4 verbose run-script [ 'prebuild', 'build', 'postbuild' ]
5 info lifecycle letdo@1.0.0~prebuild: letdo@1.0.0
6 silly lifecycle letdo@1.0.0~prebuild: no script for prebuild, continuing
7 info lifecycle letdo@1.0.0~build: letdo@1.0.0
8 verbose lifecycle letdo@1.0.0~build: unsafe-perm in lifecycle true
9 verbose lifecycle letdo@1.0.0~build: PATH: /usr/local/lib/node_modules/npm/bin/node-gyp-bin:/Users/du/sulv/letdo/node_modules/.bin:/usr/local/bin:/usr/local/bin:/usr/bin:/bin:/usr/sbin:/sbin
10 verbose lifecycle letdo@1.0.0~build: CWD: /Users/du/sulv/letdo
11 silly lifecycle letdo@1.0.0~build: Args: [ '-c', 'bable src -d lib' ]
12 info lifecycle letdo@1.0.0~build: Failed to exec build script
13 verbose stack Error: letdo@1.0.0 build: `bable src -d lib`
13 verbose stack spawn ENOENT
13 verbose stack     at ChildProcess.<anonymous> (/usr/local/lib/node_modules/npm/lib/utils/spawn.js:17:16)
13 verbose stack     at emitTwo (events.js:100:13)
13 verbose stack     at ChildProcess.emit (events.js:185:7)
13 verbose stack     at maybeClose (internal/child_process.js:850:16)
13 verbose stack     at Process.ChildProcess._handle.onexit (internal/child_process.js:215:5)
14 verbose pkgid letdo@1.0.0
15 verbose cwd /Users/du/sulv/letdo
16 error Darwin 15.0.0
17 error argv "/usr/local/bin/node" "/usr/local/bin/npm" "run" "build"
18 error node v5.10.1
19 error npm  v3.8.3
20 error file sh
21 error code ELIFECYCLE
22 error errno ENOENT
23 error syscall spawn
24 error letdo@1.0.0 build: `bable src -d lib`
24 error spawn ENOENT
25 error Failed at the letdo@1.0.0 build script 'bable src -d lib'.
25 error Make sure you have the latest version of node.js and npm installed.
25 error If you do, this is most likely a problem with the letdo package,
25 error not with npm itself.
25 error Tell the author that this fails on your system:
25 error     bable src -d lib
25 error You can get information on how to open an issue for this project with:
25 error     npm bugs letdo
25 error Or if that isn't available, you can get their info via:
25 error     npm owner ls letdo
25 error There is likely additional logging output above.
26 verbose exit [ 1, true ]
